<?xml version="1.0" encoding="UTF-8"?>
<!-- Generated by org.testng.reporters.JUnitReportReporter -->
<testsuite skipped="0" hostname="DESKTOP-H6L0N3G" name="example.NewTest" tests="1" failures="0" timestamp="06 Mar 2019 10:24:15 GMT" time="4.959" errors="0">
  <testcase name="testEasy" time="4.959" classname="example.NewTest"/>
</testsuite> <!-- example.NewTest -->
